This file contains any messages produced by compilers while
running configure, to aid debugging if configure makes a mistake.

It was created by dropwatch configure 1.5.3, which was
generated by GNU Autoconf 2.69.  Invocation command line was

  $ ./configure 

## --------- ##
## Platform. ##
## --------- ##

hostname = localhost.localdomain
uname -m = x86_64
uname -r = 4.18.0-147.8.1.el8_1.x86_64
uname -s = Linux
uname -v = #1 SMP Thu Apr 9 13:49:54 UTC 2020

/usr/bin/uname -p = x86_64
/bin/uname -X     = unknown

/bin/arch              = x86_64
/usr/bin/arch -k       = unknown
/usr/convex/getsysinfo = unknown
/usr/bin/hostinfo      = unknown
/bin/machine           = unknown
/usr/bin/oslevel       = unknown
/bin/universe          = unknown

PATH: /home/izabela/.local/bin
PATH: /home/izabela/bin
PATH: /home/izabela/.local/bin
PATH: /home/izabela/bin
PATH: /usr/local/bin
PATH: /usr/local/sbin
PATH: /usr/bin
PATH: /usr/sbin


## ----------- ##
## Core tests. ##
## ----------- ##

configure:2293: checking for a BSD-compatible install
configure:2361: result: /usr/bin/install -c
configure:2372: checking whether build environment is sane
configure:2427: result: yes
configure:2578: checking for a thread-safe mkdir -p
configure:2617: result: /usr/bin/mkdir -p
configure:2624: checking for gawk
configure:2640: found /usr/bin/gawk
configure:2651: result: gawk
configure:2662: checking whether make sets $(MAKE)
configure:2684: result: yes
configure:2713: checking whether make supports nested variables
configure:2730: result: yes
configure:2885: checking build system type
configure:2899: result: x86_64-pc-linux-gnu
configure:2919: checking host system type
configure:2932: result: x86_64-pc-linux-gnu
configure:2973: checking how to print strings
configure:3000: result: printf
configure:3025: checking whether make supports the include directive
configure:3040: make -f confmf.GNU && cat confinc.out
this is the am__doit target
configure:3043: $? = 0
configure:3062: result: yes (GNU style)
configure:3132: checking for gcc
configure:3148: found /usr/bin/gcc
configure:3159: result: gcc
configure:3388: checking for C compiler version
configure:3397: gcc --version >&5
gcc (GCC) 8.3.1 20190507 (Red Hat 8.3.1-4)
Copyright (C) 2018 Free Software Foundation, Inc.
This is free software; see the source for copying conditions.  There is NO
warranty; not even for MERCHANTABILITY or FITNESS FOR A PARTICULAR PURPOSE.

configure:3408: $? = 0
configure:3397: gcc -v >&5
Using built-in specs.
COLLECT_GCC=gcc
COLLECT_LTO_WRAPPER=/usr/libexec/gcc/x86_64-redhat-linux/8/lto-wrapper
OFFLOAD_TARGET_NAMES=nvptx-none
OFFLOAD_TARGET_DEFAULT=1
Target: x86_64-redhat-linux
Configured with: ../configure --enable-bootstrap --enable-languages=c,c++,fortran,lto --prefix=/usr --mandir=/usr/share/man --infodir=/usr/share/info --with-bugurl=http://bugzilla.redhat.com/bugzilla --enable-shared --enable-threads=posix --enable-checking=release --enable-multilib --with-system-zlib --enable-__cxa_atexit --disable-libunwind-exceptions --enable-gnu-unique-object --enable-linker-build-id --with-gcc-major-version-only --with-linker-hash-style=gnu --enable-plugin --enable-initfini-array --with-isl --disable-libmpx --enable-offload-targets=nvptx-none --without-cuda-driver --enable-gnu-indirect-function --enable-cet --with-tune=generic --with-arch_32=x86-64 --build=x86_64-redhat-linux
Thread model: posix
gcc version 8.3.1 20190507 (Red Hat 8.3.1-4) (GCC) 
configure:3408: $? = 0
configure:3397: gcc -V >&5
gcc: error: unrecognized command line option '-V'
gcc: fatal error: no input files
compilation terminated.
configure:3408: $? = 1
configure:3397: gcc -qversion >&5
gcc: error: unrecognized command line option '-qversion'; did you mean '--version'?
gcc: fatal error: no input files
compilation terminated.
configure:3408: $? = 1
configure:3428: checking whether the C compiler works
configure:3450: gcc    conftest.c  >&5
configure:3454: $? = 0
configure:3502: result: yes
configure:3505: checking for C compiler default output file name
configure:3507: result: a.out
configure:3513: checking for suffix of executables
configure:3520: gcc -o conftest    conftest.c  >&5
configure:3524: $? = 0
configure:3546: result: 
configure:3568: checking whether we are cross compiling
configure:3576: gcc -o conftest    conftest.c  >&5
configure:3580: $? = 0
configure:3587: ./conftest
configure:3591: $? = 0
configure:3606: result: no
configure:3611: checking for suffix of object files
configure:3633: gcc -c   conftest.c >&5
configure:3637: $? = 0
configure:3658: result: o
configure:3662: checking whether we are using the GNU C compiler
configure:3681: gcc -c   conftest.c >&5
configure:3681: $? = 0
configure:3690: result: yes
configure:3699: checking whether gcc accepts -g
configure:3719: gcc -c -g  conftest.c >&5
configure:3719: $? = 0
configure:3760: result: yes
configure:3777: checking for gcc option to accept ISO C89
configure:3840: gcc  -c -g -O2  conftest.c >&5
configure:3840: $? = 0
configure:3853: result: none needed
configure:3878: checking whether gcc understands -c and -o together
configure:3900: gcc -c conftest.c -o conftest2.o
configure:3903: $? = 0
configure:3900: gcc -c conftest.c -o conftest2.o
configure:3903: $? = 0
configure:3915: result: yes
configure:3934: checking dependency style of gcc
configure:4045: result: gcc3
configure:4060: checking for a sed that does not truncate output
configure:4124: result: /usr/bin/sed
configure:4142: checking for grep that handles long lines and -e
configure:4200: result: /usr/bin/grep
configure:4205: checking for egrep
configure:4267: result: /usr/bin/grep -E
configure:4272: checking for fgrep
configure:4334: result: /usr/bin/grep -F
configure:4369: checking for ld used by gcc
configure:4436: result: /usr/bin/ld
configure:4443: checking if the linker (/usr/bin/ld) is GNU ld
configure:4458: result: yes
configure:4470: checking for BSD- or MS-compatible name lister (nm)
configure:4524: result: /usr/bin/nm -B
configure:4654: checking the name lister (/usr/bin/nm -B) interface
configure:4661: gcc -c -g -O2  conftest.c >&5
configure:4664: /usr/bin/nm -B "conftest.o"
configure:4667: output
0000000000000000 B some_variable
configure:4674: result: BSD nm
configure:4677: checking whether ln -s works
configure:4681: result: yes
configure:4689: checking the maximum length of command line arguments
configure:4820: result: 1572864
configure:4868: checking how to convert x86_64-pc-linux-gnu file names to x86_64-pc-linux-gnu format
configure:4908: result: func_convert_file_noop
configure:4915: checking how to convert x86_64-pc-linux-gnu file names to toolchain format
configure:4935: result: func_convert_file_noop
configure:4942: checking for /usr/bin/ld option to reload object files
configure:4949: result: -r
configure:5023: checking for objdump
configure:5039: found /usr/bin/objdump
configure:5050: result: objdump
configure:5082: checking how to recognize dependent libraries
configure:5282: result: pass_all
configure:5367: checking for dlltool
configure:5397: result: no
configure:5427: checking how to associate runtime and link libraries
configure:5454: result: printf %s\n
configure:5515: checking for ar
configure:5531: found /usr/bin/ar
configure:5542: result: ar
configure:5579: checking for archiver @FILE support
configure:5596: gcc -c -g -O2  conftest.c >&5
configure:5596: $? = 0
configure:5599: ar cru libconftest.a @conftest.lst >&5
configure:5602: $? = 0
configure:5607: ar cru libconftest.a @conftest.lst >&5
ar: conftest.o: No such file or directory
configure:5610: $? = 1
configure:5622: result: @
configure:5680: checking for strip
configure:5696: found /usr/bin/strip
configure:5707: result: strip
configure:5779: checking for ranlib
configure:5795: found /usr/bin/ranlib
configure:5806: result: ranlib
configure:5908: checking command to parse /usr/bin/nm -B output from gcc object
configure:6061: gcc -c -g -O2  conftest.c >&5
configure:6064: $? = 0
configure:6068: /usr/bin/nm -B conftest.o \| sed -n -e 's/^.*[ ]\([ABCDGIRSTW][ABCDGIRSTW]*\)[ ][ ]*\([_A-Za-z][_A-Za-z0-9]*\)$/\1 \2 \2/p' | sed '/ __gnu_lto/d' \> conftest.nm
configure:6071: $? = 0
configure:6137: gcc -o conftest -g -O2   conftest.c conftstm.o >&5
configure:6140: $? = 0
configure:6178: result: ok
configure:6225: checking for sysroot
configure:6255: result: no
configure:6262: checking for a working dd
configure:6300: result: /usr/bin/dd
configure:6304: checking how to truncate binary pipes
configure:6319: result: /usr/bin/dd bs=4096 count=1
configure:6455: gcc -c -g -O2  conftest.c >&5
configure:6458: $? = 0
configure:6648: checking for mt
configure:6678: result: no
configure:6698: checking if : is a manifest tool
configure:6704: : '-?'
configure:6712: result: no
configure:7389: checking how to run the C preprocessor
configure:7420: gcc -E  conftest.c
configure:7420: $? = 0
configure:7434: gcc -E  conftest.c
conftest.c:11:10: fatal error: ac_nonexistent.h: No such file or directory
 #include <ac_nonexistent.h>
          ^~~~~~~~~~~~~~~~~~
compilation terminated.
configure:7434: $? = 1
configure: failed program was:
| /* confdefs.h */
| #define PACKAGE_NAME "dropwatch"
| #define PACKAGE_TARNAME "dropwatch"
| #define PACKAGE_VERSION "1.5.3"
| #define PACKAGE_STRING "dropwatch 1.5.3"
| #define PACKAGE_BUGREPORT ""
| #define PACKAGE_URL ""
| #define PACKAGE "dropwatch"
| #define VERSION "1.5.3"
| /* end confdefs.h.  */
| #include <ac_nonexistent.h>
configure:7459: result: gcc -E
configure:7479: gcc -E  conftest.c
configure:7479: $? = 0
configure:7493: gcc -E  conftest.c
conftest.c:11:10: fatal error: ac_nonexistent.h: No such file or directory
 #include <ac_nonexistent.h>
          ^~~~~~~~~~~~~~~~~~
compilation terminated.
configure:7493: $? = 1
configure: failed program was:
| /* confdefs.h */
| #define PACKAGE_NAME "dropwatch"
| #define PACKAGE_TARNAME "dropwatch"
| #define PACKAGE_VERSION "1.5.3"
| #define PACKAGE_STRING "dropwatch 1.5.3"
| #define PACKAGE_BUGREPORT ""
| #define PACKAGE_URL ""
| #define PACKAGE "dropwatch"
| #define VERSION "1.5.3"
| /* end confdefs.h.  */
| #include <ac_nonexistent.h>
configure:7522: checking for ANSI C header files
configure:7542: gcc -c -g -O2  conftest.c >&5
configure:7542: $? = 0
configure:7615: gcc -o conftest -g -O2   conftest.c  >&5
configure:7615: $? = 0
configure:7615: ./conftest
configure:7615: $? = 0
configure:7626: result: yes
configure:7639: checking for sys/types.h
configure:7639: gcc -c -g -O2  conftest.c >&5
configure:7639: $? = 0
configure:7639: result: yes
configure:7639: checking for sys/stat.h
configure:7639: gcc -c -g -O2  conftest.c >&5
configure:7639: $? = 0
configure:7639: result: yes
configure:7639: checking for stdlib.h
configure:7639: gcc -c -g -O2  conftest.c >&5
configure:7639: $? = 0
configure:7639: result: yes
configure:7639: checking for string.h
configure:7639: gcc -c -g -O2  conftest.c >&5
configure:7639: $? = 0
configure:7639: result: yes
configure:7639: checking for memory.h
configure:7639: gcc -c -g -O2  conftest.c >&5
configure:7639: $? = 0
configure:7639: result: yes
configure:7639: checking for strings.h
configure:7639: gcc -c -g -O2  conftest.c >&5
configure:7639: $? = 0
configure:7639: result: yes
configure:7639: checking for inttypes.h
configure:7639: gcc -c -g -O2  conftest.c >&5
configure:7639: $? = 0
configure:7639: result: yes
configure:7639: checking for stdint.h
configure:7639: gcc -c -g -O2  conftest.c >&5
configure:7639: $? = 0
configure:7639: result: yes
configure:7639: checking for unistd.h
configure:7639: gcc -c -g -O2  conftest.c >&5
configure:7639: $? = 0
configure:7639: result: yes
configure:7653: checking for dlfcn.h
configure:7653: gcc -c -g -O2  conftest.c >&5
configure:7653: $? = 0
configure:7653: result: yes
configure:7909: checking for objdir
configure:7924: result: .libs
configure:8188: checking if gcc supports -fno-rtti -fno-exceptions
configure:8206: gcc -c -g -O2  -fno-rtti -fno-exceptions conftest.c >&5
cc1: warning: command line option '-fno-rtti' is valid for C++/ObjC++ but not for C
configure:8210: $? = 0
configure:8223: result: no
configure:8581: checking for gcc option to produce PIC
configure:8588: result: -fPIC -DPIC
configure:8596: checking if gcc PIC flag -fPIC -DPIC works
configure:8614: gcc -c -g -O2  -fPIC -DPIC -DPIC conftest.c >&5
configure:8618: $? = 0
configure:8631: result: yes
configure:8660: checking if gcc static flag -static works
configure:8688: result: no
configure:8703: checking if gcc supports -c -o file.o
configure:8724: gcc -c -g -O2  -o out/conftest2.o conftest.c >&5
configure:8728: $? = 0
configure:8750: result: yes
configure:8758: checking if gcc supports -c -o file.o
configure:8805: result: yes
configure:8838: checking whether the gcc linker (/usr/bin/ld -m elf_x86_64) supports shared libraries
configure:10097: result: yes
configure:10134: checking whether -lc should be explicitly linked in
configure:10142: gcc -c -g -O2  conftest.c >&5
configure:10145: $? = 0
configure:10160: gcc -shared  -fPIC -DPIC conftest.o  -v -Wl,-soname -Wl,conftest -o conftest 2\>\&1 \| /usr/bin/grep  -lc  \>/dev/null 2\>\&1
configure:10163: $? = 0
configure:10177: result: no
configure:10337: checking dynamic linker characteristics
configure:10918: gcc -o conftest -g -O2   -Wl,-rpath -Wl,/foo conftest.c  >&5
configure:10918: $? = 0
configure:11158: result: GNU/Linux ld.so
configure:11280: checking how to hardcode library paths into programs
configure:11305: result: immediate
configure:11853: checking whether stripping libraries is possible
configure:11858: result: yes
configure:11893: checking if libtool supports shared libraries
configure:11895: result: yes
configure:11898: checking whether to build shared libraries
configure:11923: result: yes
configure:11926: checking whether to build static libraries
configure:11930: result: yes
configure:12017: checking for gcc
configure:12044: result: gcc
configure:12273: checking for C compiler version
configure:12282: gcc --version >&5
gcc (GCC) 8.3.1 20190507 (Red Hat 8.3.1-4)
Copyright (C) 2018 Free Software Foundation, Inc.
This is free software; see the source for copying conditions.  There is NO
warranty; not even for MERCHANTABILITY or FITNESS FOR A PARTICULAR PURPOSE.

configure:12293: $? = 0
configure:12282: gcc -v >&5
Using built-in specs.
COLLECT_GCC=gcc
COLLECT_LTO_WRAPPER=/usr/libexec/gcc/x86_64-redhat-linux/8/lto-wrapper
OFFLOAD_TARGET_NAMES=nvptx-none
OFFLOAD_TARGET_DEFAULT=1
Target: x86_64-redhat-linux
Configured with: ../configure --enable-bootstrap --enable-languages=c,c++,fortran,lto --prefix=/usr --mandir=/usr/share/man --infodir=/usr/share/info --with-bugurl=http://bugzilla.redhat.com/bugzilla --enable-shared --enable-threads=posix --enable-checking=release --enable-multilib --with-system-zlib --enable-__cxa_atexit --disable-libunwind-exceptions --enable-gnu-unique-object --enable-linker-build-id --with-gcc-major-version-only --with-linker-hash-style=gnu --enable-plugin --enable-initfini-array --with-isl --disable-libmpx --enable-offload-targets=nvptx-none --without-cuda-driver --enable-gnu-indirect-function --enable-cet --with-tune=generic --with-arch_32=x86-64 --build=x86_64-redhat-linux
Thread model: posix
gcc version 8.3.1 20190507 (Red Hat 8.3.1-4) (GCC) 
configure:12293: $? = 0
configure:12282: gcc -V >&5
gcc: error: unrecognized command line option '-V'
gcc: fatal error: no input files
compilation terminated.
configure:12293: $? = 1
configure:12282: gcc -qversion >&5
gcc: error: unrecognized command line option '-qversion'; did you mean '--version'?
gcc: fatal error: no input files
compilation terminated.
configure:12293: $? = 1
configure:12297: checking whether we are using the GNU C compiler
configure:12325: result: yes
configure:12334: checking whether gcc accepts -g
configure:12395: result: yes
configure:12412: checking for gcc option to accept ISO C89
configure:12488: result: none needed
configure:12513: checking whether gcc understands -c and -o together
configure:12550: result: yes
configure:12569: checking dependency style of gcc
configure:12680: result: gcc3
configure:12700: checking for gawk
configure:12727: result: gawk
configure:12741: checking for getopt_long
configure:12741: gcc -o conftest -g -O2   conftest.c  >&5
configure:12741: $? = 0
configure:12741: result: yes
configure:12805: checking for pkg-config
configure:12823: found /usr/bin/pkg-config
configure:12835: result: /usr/bin/pkg-config
configure:12860: checking pkg-config is at least version 0.9.0
configure:12863: result: yes
configure:12873: checking for LIBNL3
configure:12880: $PKG_CONFIG --exists --print-errors "libnl-3.0"
configure:12883: $? = 0
configure:12897: $PKG_CONFIG --exists --print-errors "libnl-3.0"
configure:12900: $? = 0
configure:12938: result: yes
configure:12945: checking for READLINE
configure:12952: $PKG_CONFIG --exists --print-errors "readline"
Package readline was not found in the pkg-config search path.
Perhaps you should add the directory containing `readline.pc'
to the PKG_CONFIG_PATH environment variable
Package 'readline', required by 'virtual:world', not found
configure:12955: $? = 1
configure:12969: $PKG_CONFIG --exists --print-errors "readline"
Package readline was not found in the pkg-config search path.
Perhaps you should add the directory containing `readline.pc'
to the PKG_CONFIG_PATH environment variable
Package 'readline', required by 'virtual:world', not found
configure:12972: $? = 1
configure:12986: result: no
Package 'readline', required by 'virtual:world', not found
configure:13016: checking for LIBPCAP
configure:13023: $PKG_CONFIG --exists --print-errors "libpcap"
configure:13026: $? = 0
configure:13040: $PKG_CONFIG --exists --print-errors "libpcap"
configure:13043: $? = 0
configure:13175: result: yes
configure:13192: checking bfd.h usability
configure:13192: gcc -c -g -O2  conftest.c >&5
configure:13192: $? = 0
configure:13192: result: yes
configure:13192: checking bfd.h presence
configure:13192: gcc -E  conftest.c
configure:13192: $? = 0
configure:13192: result: yes
configure:13192: checking for bfd.h
configure:13192: result: yes
configure:13325: checking that generated files are newer than configure
configure:13331: result: done
configure:13362: creating ./config.status

## ---------------------- ##
## Running config.status. ##
## ---------------------- ##

This file was extended by dropwatch config.status 1.5.3, which was
generated by GNU Autoconf 2.69.  Invocation command line was

  CONFIG_FILES    = 
  CONFIG_HEADERS  = 
  CONFIG_LINKS    = 
  CONFIG_COMMANDS = 
  $ ./config.status 

on localhost.localdomain

config.status:1100: creating Makefile
config.status:1100: creating src/Makefile
config.status:1100: creating doc/Makefile
config.status:1100: creating tests/Makefile
config.status:1100: creating config.h
config.status:1329: executing depfiles commands
config.status:1406: cd src       && sed -e '/# am--include-marker/d' Makefile         | make -f - am--depfiles
config.status:1411: $? = 0
config.status:1329: executing libtool commands
configure:15510: 
configure:15512: dropwatch Version:     1.5.3
configure:15514: Target:                 
configure:15516: Installation prefix:    /usr/local
configure:15518: Compiler:               gcc
configure:15520: Compiler flags: -g -O2
configure:15522: BFD library support: yes

## ---------------- ##
## Cache variables. ##
## ---------------- ##

ac_cv_build=x86_64-pc-linux-gnu
ac_cv_c_compiler_gnu=yes
ac_cv_env_CC_set=
ac_cv_env_CC_value=
ac_cv_env_CFLAGS_set=
ac_cv_env_CFLAGS_value=
ac_cv_env_CPPFLAGS_set=
ac_cv_env_CPPFLAGS_value=
ac_cv_env_CPP_set=
ac_cv_env_CPP_value=
ac_cv_env_LDFLAGS_set=
ac_cv_env_LDFLAGS_value=
ac_cv_env_LIBNL3_CFLAGS_set=
ac_cv_env_LIBNL3_CFLAGS_value=
ac_cv_env_LIBNL3_LIBS_set=
ac_cv_env_LIBNL3_LIBS_value=
ac_cv_env_LIBPCAP_CFLAGS_set=
ac_cv_env_LIBPCAP_CFLAGS_value=
ac_cv_env_LIBPCAP_LIBS_set=
ac_cv_env_LIBPCAP_LIBS_value=
ac_cv_env_LIBS_set=
ac_cv_env_LIBS_value=
ac_cv_env_LT_SYS_LIBRARY_PATH_set=
ac_cv_env_LT_SYS_LIBRARY_PATH_value=
ac_cv_env_PKG_CONFIG_LIBDIR_set=
ac_cv_env_PKG_CONFIG_LIBDIR_value=
ac_cv_env_PKG_CONFIG_PATH_set=
ac_cv_env_PKG_CONFIG_PATH_value=
ac_cv_env_PKG_CONFIG_set=
ac_cv_env_PKG_CONFIG_value=
ac_cv_env_READLINE_CFLAGS_set=
ac_cv_env_READLINE_CFLAGS_value=
ac_cv_env_READLINE_LIBS_set=
ac_cv_env_READLINE_LIBS_value=
ac_cv_env_build_alias_set=
ac_cv_env_build_alias_value=
ac_cv_env_host_alias_set=
ac_cv_env_host_alias_value=
ac_cv_env_target_alias_set=
ac_cv_env_target_alias_value=
ac_cv_func_getopt_long=yes
ac_cv_header_bfd_h=yes
ac_cv_header_dlfcn_h=yes
ac_cv_header_inttypes_h=yes
ac_cv_header_memory_h=yes
ac_cv_header_stdc=yes
ac_cv_header_stdint_h=yes
ac_cv_header_stdlib_h=yes
ac_cv_header_string_h=yes
ac_cv_header_strings_h=yes
ac_cv_header_sys_stat_h=yes
ac_cv_header_sys_types_h=yes
ac_cv_header_unistd_h=yes
ac_cv_host=x86_64-pc-linux-gnu
ac_cv_objext=o
ac_cv_path_EGREP='/usr/bin/grep -E'
ac_cv_path_FGREP='/usr/bin/grep -F'
ac_cv_path_GREP=/usr/bin/grep
ac_cv_path_SED=/usr/bin/sed
ac_cv_path_ac_pt_PKG_CONFIG=/usr/bin/pkg-config
ac_cv_path_install='/usr/bin/install -c'
ac_cv_path_lt_DD=/usr/bin/dd
ac_cv_path_mkdir=/usr/bin/mkdir
ac_cv_prog_AWK=gawk
ac_cv_prog_CPP='gcc -E'
ac_cv_prog_ac_ct_AR=ar
ac_cv_prog_ac_ct_CC=gcc
ac_cv_prog_ac_ct_OBJDUMP=objdump
ac_cv_prog_ac_ct_RANLIB=ranlib
ac_cv_prog_ac_ct_STRIP=strip
ac_cv_prog_cc_c89=
ac_cv_prog_cc_g=yes
ac_cv_prog_make_make_set=yes
am_cv_CC_dependencies_compiler_type=gcc3
am_cv_make_support_nested_variables=yes
am_cv_prog_cc_c_o=yes
lt_cv_ar_at_file=@
lt_cv_archive_cmds_need_lc=no
lt_cv_deplibs_check_method=pass_all
lt_cv_file_magic_cmd='$MAGIC_CMD'
lt_cv_file_magic_test_file=
lt_cv_ld_reload_flag=-r
lt_cv_nm_interface='BSD nm'
lt_cv_objdir=.libs
lt_cv_path_LD=/usr/bin/ld
lt_cv_path_NM='/usr/bin/nm -B'
lt_cv_path_mainfest_tool=no
lt_cv_prog_compiler_c_o=yes
lt_cv_prog_compiler_pic='-fPIC -DPIC'
lt_cv_prog_compiler_pic_works=yes
lt_cv_prog_compiler_rtti_exceptions=no
lt_cv_prog_compiler_static_works=no
lt_cv_prog_gnu_ld=yes
lt_cv_sharedlib_from_linklib_cmd='printf %s\n'
lt_cv_shlibpath_overrides_runpath=no
lt_cv_sys_global_symbol_pipe='sed -n -e '\''s/^.*[	 ]\([ABCDGIRSTW][ABCDGIRSTW]*\)[	 ][	 ]*\([_A-Za-z][_A-Za-z0-9]*\)$/\1 \2 \2/p'\'' | sed '\''/ __gnu_lto/d'\'''
lt_cv_sys_global_symbol_to_c_name_address='sed -n -e '\''s/^: \(.*\) .*$/  {"\1", (void *) 0},/p'\'' -e '\''s/^[ABCDGIRSTW][ABCDGIRSTW]* .* \(.*\)$/  {"\1", (void *) \&\1},/p'\'''
lt_cv_sys_global_symbol_to_c_name_address_lib_prefix='sed -n -e '\''s/^: \(.*\) .*$/  {"\1", (void *) 0},/p'\'' -e '\''s/^[ABCDGIRSTW][ABCDGIRSTW]* .* \(lib.*\)$/  {"\1", (void *) \&\1},/p'\'' -e '\''s/^[ABCDGIRSTW][ABCDGIRSTW]* .* \(.*\)$/  {"lib\1", (void *) \&\1},/p'\'''
lt_cv_sys_global_symbol_to_cdecl='sed -n -e '\''s/^T .* \(.*\)$/extern int \1();/p'\'' -e '\''s/^[ABCDGIRSTW][ABCDGIRSTW]* .* \(.*\)$/extern char \1;/p'\'''
lt_cv_sys_global_symbol_to_import=
lt_cv_sys_max_cmd_len=1572864
lt_cv_to_host_file_cmd=func_convert_file_noop
lt_cv_to_tool_file_cmd=func_convert_file_noop
lt_cv_truncate_bin='/usr/bin/dd bs=4096 count=1'
pkg_cv_LIBNL3_CFLAGS='-I/usr/include/libnl3 '
pkg_cv_LIBNL3_LIBS='-lnl-3 '
pkg_cv_LIBPCAP_CFLAGS=
pkg_cv_LIBPCAP_LIBS='-lpcap '

## ----------------- ##
## Output variables. ##
## ----------------- ##

ACLOCAL='${SHELL} /home/izabela/dropwatch/missing aclocal-1.16'
AMDEPBACKSLASH='\'
AMDEP_FALSE='#'
AMDEP_TRUE=''
AMTAR='$${TAR-tar}'
AM_BACKSLASH='\'
AM_DEFAULT_V='$(AM_DEFAULT_VERBOSITY)'
AM_DEFAULT_VERBOSITY='1'
AM_V='$(V)'
AR='ar'
AUTOCONF='${SHELL} /home/izabela/dropwatch/missing autoconf'
AUTOHEADER='${SHELL} /home/izabela/dropwatch/missing autoheader'
AUTOMAKE='${SHELL} /home/izabela/dropwatch/missing automake-1.16'
AWK='gawk'
CC='gcc'
CCDEPMODE='depmode=gcc3'
CFLAGS='-g -O2'
CPP='gcc -E'
CPPFLAGS=''
CYGPATH_W='echo'
DEFS='-DHAVE_CONFIG_H'
DEPDIR='.deps'
DLLTOOL='false'
DSYMUTIL=''
DUMPBIN=''
ECHO_C=''
ECHO_N='-n'
ECHO_T=''
EGREP='/usr/bin/grep -E'
EXEEXT=''
FGREP='/usr/bin/grep -F'
GREP='/usr/bin/grep'
INSTALL_DATA='${INSTALL} -m 644'
INSTALL_PROGRAM='${INSTALL}'
INSTALL_SCRIPT='${INSTALL}'
INSTALL_STRIP_PROGRAM='$(install_sh) -c -s'
LD='/usr/bin/ld -m elf_x86_64'
LDFLAGS=''
LIBNL3_CFLAGS='-I/usr/include/libnl3 '
LIBNL3_LIBS='-lnl-3 '
LIBOBJS=''
LIBPCAP_CFLAGS=''
LIBPCAP_LIBS='-lpcap '
LIBS=''
LIBTOOL='$(SHELL) $(top_builddir)/libtool'
LIBTOOL_DEPS='./ltmain.sh'
LIPO=''
LN_S='ln -s'
LTLIBOBJS=''
LT_SYS_LIBRARY_PATH=''
MAKEINFO='${SHELL} /home/izabela/dropwatch/missing makeinfo'
MANIFEST_TOOL=':'
MKDIR_P='/usr/bin/mkdir -p'
NM='/usr/bin/nm -B'
NMEDIT=''
OBJDUMP='objdump'
OBJEXT='o'
OTOOL64=''
OTOOL=''
PACKAGE='dropwatch'
PACKAGE_BUGREPORT=''
PACKAGE_NAME='dropwatch'
PACKAGE_STRING='dropwatch 1.5.3'
PACKAGE_TARNAME='dropwatch'
PACKAGE_URL=''
PACKAGE_VERSION='1.5.3'
PATH_SEPARATOR=':'
PKG_CONFIG='/usr/bin/pkg-config'
PKG_CONFIG_LIBDIR=''
PKG_CONFIG_PATH=''
RANLIB='ranlib'
READLINE_CFLAGS=''
READLINE_LIBS='-lreadline'
SED='/usr/bin/sed'
SET_MAKE=''
SHELL='/bin/sh'
STRIP='strip'
USE_BFD_FALSE='#'
USE_BFD_TRUE=''
VERSION='1.5.3'
ac_ct_AR='ar'
ac_ct_CC='gcc'
ac_ct_DUMPBIN=''
am__EXEEXT_FALSE=''
am__EXEEXT_TRUE='#'
am__fastdepCC_FALSE='#'
am__fastdepCC_TRUE=''
am__include='include'
am__isrc=''
am__leading_dot='.'
am__nodep='_no'
am__quote=''
am__tar='$${TAR-tar} chof - "$$tardir"'
am__untar='$${TAR-tar} xf -'
bindir='${exec_prefix}/bin'
build='x86_64-pc-linux-gnu'
build_alias=''
build_cpu='x86_64'
build_os='linux-gnu'
build_vendor='pc'
datadir='${datarootdir}'
datarootdir='${prefix}/share'
docdir='${datarootdir}/doc/${PACKAGE_TARNAME}'
dvidir='${docdir}'
exec_prefix='${prefix}'
host='x86_64-pc-linux-gnu'
host_alias=''
host_cpu='x86_64'
host_os='linux-gnu'
host_vendor='pc'
htmldir='${docdir}'
includedir='${prefix}/include'
infodir='${datarootdir}/info'
install_sh='${SHELL} /home/izabela/dropwatch/install-sh'
libdir='${exec_prefix}/lib'
libexecdir='${exec_prefix}/libexec'
localedir='${datarootdir}/locale'
localstatedir='${prefix}/var'
mandir='${datarootdir}/man'
mkdir_p='$(MKDIR_P)'
oldincludedir='/usr/include'
pdfdir='${docdir}'
prefix='/usr/local'
program_transform_name='s,x,x,'
psdir='${docdir}'
sbindir='${exec_prefix}/sbin'
sharedstatedir='${prefix}/com'
sysconfdir='${prefix}/etc'
target_alias=''

## ----------- ##
## confdefs.h. ##
## ----------- ##

/* confdefs.h */
#define PACKAGE_NAME "dropwatch"
#define PACKAGE_TARNAME "dropwatch"
#define PACKAGE_VERSION "1.5.3"
#define PACKAGE_STRING "dropwatch 1.5.3"
#define PACKAGE_BUGREPORT ""
#define PACKAGE_URL ""
#define PACKAGE "dropwatch"
#define VERSION "1.5.3"
#define STDC_HEADERS 1
#define HAVE_SYS_TYPES_H 1
#define HAVE_SYS_STAT_H 1
#define HAVE_STDLIB_H 1
#define HAVE_STRING_H 1
#define HAVE_MEMORY_H 1
#define HAVE_STRINGS_H 1
#define HAVE_INTTYPES_H 1
#define HAVE_STDINT_H 1
#define HAVE_UNISTD_H 1
#define HAVE_DLFCN_H 1
#define LT_OBJDIR ".libs/"
#define HAVE_GETOPT_LONG 1
#define HAVE_BFD_H 1

configure: exit 0
